<?xml version="1.0" encoding="UTF-8"?>
<testng-results skipped="0" failed="0" ignored="0" total="1" passed="1">
  <reporter-output>
  </reporter-output>
  <suite name="Parameter test Suite" duration-ms="37852" started-at="2020-12-03T14:07:15Z" finished-at="2020-12-03T14:07:53Z">
    <groups>
    </groups>
    <test name="Open Website" duration-ms="37852" started-at="2020-12-03T14:07:15Z" finished-at="2020-12-03T14:07:53Z">
      <class name="com.selenium.cases.ScheduleAppointment">
        <test-method status="PASS" signature="setup(java.lang.String, java.lang.String, int)[pri:0, instance:com.selenium.cases.ScheduleAppointment@1c7cbad]" name="setup" is-config="true" duration-ms="14409" started-at="2020-12-03T07:07:15Z" finished-at="2020-12-03T07:07:30Z">
          <params>
            <param index="0">
              <value>
                <![CDATA[chrome]]>
              </value>
            </param>
            <param index="1">
              <value>
                <![CDATA[https://knockrentals.github.io/doorway-v3/]]>
              </value>
            </param>
            <param index="2">
              <value>
                <![CDATA[30]]>
              </value>
            </param>
          </params>
          <reporter-output>
          </reporter-output>
        </test-method> <!-- setup -->
        <test-method status="PASS" signature="bookAppointment()[pri:0, instance:com.selenium.cases.ScheduleAppointment@1c7cbad]" name="bookAppointment" duration-ms="18137" started-at="2020-12-03T07:07:30Z" finished-at="2020-12-03T07:07:48Z">
          <reporter-output>
          </reporter-output>
        </test-method> <!-- bookAppointment -->
        <test-method status="PASS" signature="teardown()[pri:0, instance:com.selenium.cases.ScheduleAppointment@1c7cbad]" name="teardown" is-config="true" duration-ms="5273" started-at="2020-12-03T07:07:48Z" finished-at="2020-12-03T07:07:53Z">
          <reporter-output>
          </reporter-output>
        </test-method> <!-- teardown -->
      </class> <!-- com.selenium.cases.ScheduleAppointment -->
    </test> <!-- Open Website -->
  </suite> <!-- Parameter test Suite -->
</testng-results>
